<?xml version="1.0" encoding="UTF-8"?>
<testsuite xmlns:xsi="http://www.w3.org/2001/XMLSchema-instance" xsi:noNamespaceSchemaLocation="https://maven.apache.org/surefire/maven-surefire-plugin/xsd/surefire-test-report.xsd" name="devops.AppTest" time="0.069" tests="1" errors="0" skipped="0" failures="0">
  <properties>
    <property name="sun.desktop" value="windows"/>
    <property name="awt.toolkit" value="sun.awt.windows.WToolkit"/>
    <property name="file.encoding.pkg" value="sun.io"/>
    <property name="java.specification.version" value="1.8"/>
    <property name="sun.cpu.isalist" value="pentium_pro+mmx pentium_pro pentium+mmx pentium i486 i386 i86"/>
    <property name="sun.jnu.encoding" value="Cp1252"/>
    <property name="java.class.path" value="C:\Program Files (x86)\Jenkins\workspace\maven-job\target\test-classes;C:\Program Files (x86)\Jenkins\workspace\maven-job\target\classes;C:\Windows\system32\config\systemprofile\.m2\repository\junit\junit\4.11\junit-4.11.jar;C:\Windows\system32\config\systemprofile\.m2\repository\org\hamcrest\hamcrest-core\1.3\hamcrest-core-1.3.jar;"/>
    <property name="java.vm.vendor" value="Oracle Corporation"/>
    <property name="sun.arch.data.model" value="32"/>
    <property name="user.variant" value=""/>
    <property name="java.vendor.url" value="http://java.oracle.com/"/>
    <property name="user.timezone" value="Asia/Calcutta"/>
    <property name="java.vm.specification.version" value="1.8"/>
    <property name="os.name" value="Windows 7"/>
    <property name="user.country" value="IN"/>
    <property name="sun.java.launcher" value="SUN_STANDARD"/>
    <property name="sun.boot.library.path" value="C:\Program Files (x86)\Jenkins\tools\hudson.model.JDK\JDK8\jre\bin"/>
    <property name="sun.java.command" value="C:\Windows\TEMP\surefire6101303004711307694\surefirebooter864157856017394170.jar C:\Windows\Temp\surefire6101303004711307694 2020-04-15T21-29-18_490-jvmRun1 surefire4650588620095530696tmp surefire_02432125927463031642tmp"/>
    <property name="surefire.test.class.path" value="C:\Program Files (x86)\Jenkins\workspace\maven-job\target\test-classes;C:\Program Files (x86)\Jenkins\workspace\maven-job\target\classes;C:\Windows\system32\config\systemprofile\.m2\repository\junit\junit\4.11\junit-4.11.jar;C:\Windows\system32\config\systemprofile\.m2\repository\org\hamcrest\hamcrest-core\1.3\hamcrest-core-1.3.jar;"/>
    <property name="sun.cpu.endian" value="little"/>
    <property name="user.home" value="C:\Windows\system32\config\systemprofile"/>
    <property name="user.language" value="en"/>
    <property name="java.specification.vendor" value="Oracle Corporation"/>
    <property name="java.home" value="C:\Program Files (x86)\Jenkins\tools\hudson.model.JDK\JDK8\jre"/>
    <property name="basedir" value="C:\Program Files (x86)\Jenkins\workspace\maven-job"/>
    <property name="file.separator" value="\"/>
    <property name="line.separator" value="&#10;"/>
    <property name="java.vm.specification.vendor" value="Oracle Corporation"/>
    <property name="java.specification.name" value="Java Platform API Specification"/>
    <property name="java.awt.graphicsenv" value="sun.awt.Win32GraphicsEnvironment"/>
    <property name="surefire.real.class.path" value="C:\Windows\TEMP\surefire6101303004711307694\surefirebooter864157856017394170.jar"/>
    <property name="sun.boot.class.path" value="C:\Program Files (x86)\Jenkins\tools\hudson.model.JDK\JDK8\jre\lib\resources.jar;C:\Program Files (x86)\Jenkins\tools\hudson.model.JDK\JDK8\jre\lib\rt.jar;C:\Program Files (x86)\Jenkins\tools\hudson.model.JDK\JDK8\jre\lib\sunrsasign.jar;C:\Program Files (x86)\Jenkins\tools\hudson.model.JDK\JDK8\jre\lib\jsse.jar;C:\Program Files (x86)\Jenkins\tools\hudson.model.JDK\JDK8\jre\lib\jce.jar;C:\Program Files (x86)\Jenkins\tools\hudson.model.JDK\JDK8\jre\lib\charsets.jar;C:\Program Files (x86)\Jenkins\tools\hudson.model.JDK\JDK8\jre\lib\jfr.jar;C:\Program Files (x86)\Jenkins\tools\hudson.model.JDK\JDK8\jre\classes"/>
    <property name="user.script" value=""/>
    <property name="sun.management.compiler" value="HotSpot Client Compiler"/>
    <property name="java.runtime.version" value="1.8.0_221-b11"/>
    <property name="user.name" value="DELL-PC$"/>
    <property name="path.separator" value=";"/>
    <property name="os.version" value="6.1"/>
    <property name="java.endorsed.dirs" value="C:\Program Files (x86)\Jenkins\tools\hudson.model.JDK\JDK8\jre\lib\endorsed"/>
    <property name="java.runtime.name" value="Java(TM) SE Runtime Environment"/>
    <property name="file.encoding" value="Cp1252"/>
    <property name="java.vm.name" value="Java HotSpot(TM) Client VM"/>
    <property name="localRepository" value="C:\Windows\system32\config\systemprofile\.m2\repository"/>
    <property name="java.vendor.url.bug" value="http://bugreport.sun.com/bugreport/"/>
    <property name="java.io.tmpdir" value="C:\Windows\TEMP\"/>
    <property name="java.version" value="1.8.0_221"/>
    <property name="user.dir" value="C:\Program Files (x86)\Jenkins\workspace\maven-job"/>
    <property name="os.arch" value="x86"/>
    <property name="java.vm.specification.name" value="Java Virtual Machine Specification"/>
    <property name="java.awt.printerjob" value="sun.awt.windows.WPrinterJob"/>
    <property name="sun.os.patch.level" value="Service Pack 1"/>
    <property name="java.library.path" value="C:\Program Files (x86)\Jenkins\tools\hudson.model.JDK\JDK8\jre\bin;C:\Windows\Sun\Java\bin;C:\Windows\system32;C:\Windows;C:\Program Files (x86)\Jenkins\tools\hudson.tasks.Maven_MavenInstallation\maven/bin;C:\Program Files (x86)\Jenkins\tools\hudson.model.JDK\JDK8/bin;C:\Program Files (x86)\Jenkins\tools\hudson.model.JDK\JDK8/bin;C:\Windows\system32;C:\Windows;C:\Windows\System32\Wbem;C:\Windows\System32\WindowsPowerShell\v1.0\;C:\Windows\System32\WindowsPowerShell\v1.0\;C:\Program Files\Dell\DW WLAN Card;C:\Program Files\Intel\WiFi\bin\;C:\Program Files\Common Files\Intel\WirelessCommon\;C:\Program Files\PuTTY\;C:\Program Files\Git\cmd;C:\Program Files\Java\jdk-14\bin;C:\Users\DELL\Desktop\New folder\apache-maven-3.6.3-bin\apache-maven-3.6.3\bin;."/>
    <property name="java.vm.info" value="mixed mode, sharing"/>
    <property name="java.vendor" value="Oracle Corporation"/>
    <property name="java.vm.version" value="25.221-b11"/>
    <property name="java.ext.dirs" value="C:\Program Files (x86)\Jenkins\tools\hudson.model.JDK\JDK8\jre\lib\ext;C:\Windows\Sun\Java\lib\ext"/>
    <property name="sun.io.unicode.encoding" value="UnicodeLittle"/>
    <property name="java.class.version" value="52.0"/>
  </properties>
  <testcase name="shouldAnswerWithTrue" classname="devops.AppTest" time="0.007"/>
</testsuite>